{"/home/lucas/questions/questions/question1.js": {"path":"/home/lucas/questions/questions/question1.js","all":false,"statementMap":{"0":{"start":{"line":1,"column":0},"end":{"line":1,"column":12}},"1":{"start":{"line":2,"column":0},"end":{"line":2,"column":0}},"2":{"start":{"line":3,"column":0},"end":{"line":3,"column":3}},"3":{"start":{"line":4,"column":0},"end":{"line":4,"column":25}},"4":{"start":{"line":5,"column":0},"end":{"line":5,"column":25}},"5":{"start":{"line":6,"column":0},"end":{"line":6,"column":21}},"6":{"start":{"line":7,"column":0},"end":{"line":7,"column":3}},"7":{"start":{"line":8,"column":0},"end":{"line":8,"column":39}},"8":{"start":{"line":9,"column":0},"end":{"line":9,"column":28}},"9":{"start":{"line":10,"column":0},"end":{"line":10,"column":34}},"10":{"start":{"line":11,"column":0},"end":{"line":11,"column":36}},"11":{"start":{"line":12,"column":0},"end":{"line":12,"column":50}},"12":{"start":{"line":13,"column":0},"end":{"line":13,"column":20}},"13":{"start":{"line":14,"column":0},"end":{"line":14,"column":7}},"14":{"start":{"line":15,"column":0},"end":{"line":15,"column":5}},"15":{"start":{"line":16,"column":0},"end":{"line":16,"column":3}},"16":{"start":{"line":17,"column":0},"end":{"line":17,"column":1}},"17":{"start":{"line":18,"column":0},"end":{"line":18,"column":23}}},"s":{"0":1,"1":1,"2":1,"3":1,"4":1,"5":1,"6":1,"7":1,"8":3,"9":3,"10":4,"11":10,"12":3,"13":3,"14":10,"15":4,"16":3,"17":1},"branchMap":{"0":{"type":"branch","line":8,"loc":{"start":{"line":8,"column":15},"end":{"line":17,"column":1}},"locations":[{"start":{"line":8,"column":15},"end":{"line":17,"column":1}}]},"1":{"type":"branch","line":10,"loc":{"start":{"line":10,"column":33},"end":{"line":16,"column":3}},"locations":[{"start":{"line":10,"column":33},"end":{"line":16,"column":3}}]},"2":{"type":"branch","line":11,"loc":{"start":{"line":11,"column":35},"end":{"line":15,"column":5}},"locations":[{"start":{"line":11,"column":35},"end":{"line":15,"column":5}}]},"3":{"type":"branch","line":12,"loc":{"start":{"line":12,"column":9},"end":{"line":12,"column":49}},"locations":[{"start":{"line":12,"column":9},"end":{"line":12,"column":49}}]},"4":{"type":"branch","line":12,"loc":{"start":{"line":12,"column":49},"end":{"line":14,"column":7}},"locations":[{"start":{"line":12,"column":49},"end":{"line":14,"column":7}}]}},"b":{"0":[3],"1":[4],"2":[10],"3":[5],"4":[3]},"fnMap":{"0":{"name":"twoSum","decl":{"start":{"line":8,"column":15},"end":{"line":17,"column":1}},"loc":{"start":{"line":8,"column":15},"end":{"line":17,"column":1}},"line":8}},"f":{"0":3}}
,"/home/lucas/questions/questions/question10.js": {"path":"/home/lucas/questions/questions/question10.js","all":false,"statementMap":{"0":{"start":{"line":1,"column":0},"end":{"line":1,"column":3}},"1":{"start":{"line":2,"column":0},"end":{"line":2,"column":20}},"2":{"start":{"line":3,"column":0},"end":{"line":3,"column":20}},"3":{"start":{"line":4,"column":0},"end":{"line":4,"column":20}},"4":{"start":{"line":5,"column":0},"end":{"line":5,"column":3}},"5":{"start":{"line":6,"column":0},"end":{"line":6,"column":30}},"6":{"start":{"line":7,"column":0},"end":{"line":7,"column":19}},"7":{"start":{"line":8,"column":0},"end":{"line":8,"column":36}},"8":{"start":{"line":9,"column":0},"end":{"line":9,"column":38}},"9":{"start":{"line":10,"column":0},"end":{"line":10,"column":16}},"10":{"start":{"line":11,"column":0},"end":{"line":11,"column":18}},"11":{"start":{"line":12,"column":0},"end":{"line":12,"column":5}},"12":{"start":{"line":13,"column":0},"end":{"line":13,"column":4}},"13":{"start":{"line":14,"column":0},"end":{"line":14,"column":14}},"14":{"start":{"line":15,"column":0},"end":{"line":15,"column":2}},"15":{"start":{"line":16,"column":0},"end":{"line":16,"column":0}},"16":{"start":{"line":17,"column":0},"end":{"line":17,"column":24}}},"s":{"0":1,"1":1,"2":1,"3":1,"4":1,"5":1,"6":3,"7":3,"8":3,"9":6,"10":2,"11":2,"12":6,"13":3,"14":3,"15":1,"16":1},"branchMap":{"0":{"type":"branch","line":6,"loc":{"start":{"line":6,"column":14},"end":{"line":15,"column":2}},"locations":[{"start":{"line":6,"column":14},"end":{"line":15,"column":2}}]},"1":{"type":"branch","line":9,"loc":{"start":{"line":9,"column":27},"end":{"line":13,"column":4}},"locations":[{"start":{"line":9,"column":27},"end":{"line":13,"column":4}}]},"2":{"type":"branch","line":10,"loc":{"start":{"line":10,"column":15},"end":{"line":12,"column":5}},"locations":[{"start":{"line":10,"column":15},"end":{"line":12,"column":5}}]}},"b":{"0":[3],"1":[6],"2":[2]},"fnMap":{"0":{"name":"isMatch","decl":{"start":{"line":6,"column":14},"end":{"line":15,"column":2}},"loc":{"start":{"line":6,"column":14},"end":{"line":15,"column":2}},"line":6}},"f":{"0":3}}
,"/home/lucas/questions/questions/question2.js": {"path":"/home/lucas/questions/questions/question2.js","all":false,"statementMap":{"0":{"start":{"line":1,"column":0},"end":{"line":1,"column":3}},"1":{"start":{"line":2,"column":0},"end":{"line":2,"column":37}},"2":{"start":{"line":3,"column":0},"end":{"line":3,"column":33}},"3":{"start":{"line":4,"column":0},"end":{"line":4,"column":45}},"4":{"start":{"line":5,"column":0},"end":{"line":5,"column":51}},"5":{"start":{"line":6,"column":0},"end":{"line":6,"column":4}},"6":{"start":{"line":7,"column":0},"end":{"line":7,"column":3}},"7":{"start":{"line":8,"column":0},"end":{"line":8,"column":3}},"8":{"start":{"line":9,"column":0},"end":{"line":9,"column":23}},"9":{"start":{"line":10,"column":0},"end":{"line":10,"column":23}},"10":{"start":{"line":11,"column":0},"end":{"line":11,"column":21}},"11":{"start":{"line":12,"column":0},"end":{"line":12,"column":3}},"12":{"start":{"line":13,"column":0},"end":{"line":13,"column":38}},"13":{"start":{"line":14,"column":0},"end":{"line":14,"column":21}},"14":{"start":{"line":15,"column":0},"end":{"line":15,"column":22}},"15":{"start":{"line":16,"column":0},"end":{"line":16,"column":29}},"16":{"start":{"line":17,"column":0},"end":{"line":17,"column":48}},"17":{"start":{"line":18,"column":0},"end":{"line":18,"column":49}},"18":{"start":{"line":19,"column":0},"end":{"line":19,"column":3}},"19":{"start":{"line":20,"column":0},"end":{"line":20,"column":0}},"20":{"start":{"line":21,"column":0},"end":{"line":21,"column":17}},"21":{"start":{"line":22,"column":0},"end":{"line":22,"column":18}},"22":{"start":{"line":23,"column":0},"end":{"line":23,"column":14}},"23":{"start":{"line":24,"column":0},"end":{"line":24,"column":14}},"24":{"start":{"line":25,"column":0},"end":{"line":25,"column":45}},"25":{"start":{"line":26,"column":0},"end":{"line":26,"column":48}},"26":{"start":{"line":27,"column":0},"end":{"line":27,"column":17}},"27":{"start":{"line":28,"column":0},"end":{"line":28,"column":55}},"28":{"start":{"line":29,"column":0},"end":{"line":29,"column":20}},"29":{"start":{"line":30,"column":0},"end":{"line":30,"column":33}},"30":{"start":{"line":31,"column":0},"end":{"line":31,"column":36}},"31":{"start":{"line":32,"column":0},"end":{"line":32,"column":24}},"32":{"start":{"line":33,"column":0},"end":{"line":33,"column":14}},"33":{"start":{"line":34,"column":0},"end":{"line":34,"column":21}},"34":{"start":{"line":35,"column":0},"end":{"line":35,"column":18}},"35":{"start":{"line":36,"column":0},"end":{"line":36,"column":9}},"36":{"start":{"line":37,"column":0},"end":{"line":37,"column":7}},"37":{"start":{"line":38,"column":0},"end":{"line":38,"column":5}},"38":{"start":{"line":39,"column":0},"end":{"line":39,"column":32}},"39":{"start":{"line":40,"column":0},"end":{"line":40,"column":20}},"40":{"start":{"line":41,"column":0},"end":{"line":41,"column":38}},"41":{"start":{"line":42,"column":0},"end":{"line":42,"column":0}},"42":{"start":{"line":43,"column":0},"end":{"line":43,"column":20}},"43":{"start":{"line":44,"column":0},"end":{"line":44,"column":33}},"44":{"start":{"line":45,"column":0},"end":{"line":45,"column":36}},"45":{"start":{"line":46,"column":0},"end":{"line":46,"column":24}},"46":{"start":{"line":47,"column":0},"end":{"line":47,"column":15}},"47":{"start":{"line":48,"column":0},"end":{"line":48,"column":21}},"48":{"start":{"line":49,"column":0},"end":{"line":49,"column":9}},"49":{"start":{"line":50,"column":0},"end":{"line":50,"column":13}},"50":{"start":{"line":51,"column":0},"end":{"line":51,"column":31}},"51":{"start":{"line":52,"column":0},"end":{"line":52,"column":7}},"52":{"start":{"line":53,"column":0},"end":{"line":53,"column":5}},"53":{"start":{"line":54,"column":0},"end":{"line":54,"column":3}},"54":{"start":{"line":55,"column":0},"end":{"line":55,"column":16}},"55":{"start":{"line":56,"column":0},"end":{"line":56,"column":18}},"56":{"start":{"line":57,"column":0},"end":{"line":57,"column":3}},"57":{"start":{"line":58,"column":0},"end":{"line":58,"column":0}},"58":{"start":{"line":59,"column":0},"end":{"line":59,"column":12}},"59":{"start":{"line":60,"column":0},"end":{"line":60,"column":2}},"60":{"start":{"line":61,"column":0},"end":{"line":61,"column":0}},"61":{"start":{"line":62,"column":0},"end":{"line":62,"column":30}}},"s":{"0":1,"1":1,"2":1,"3":1,"4":1,"5":1,"6":1,"7":1,"8":1,"9":1,"10":1,"11":1,"12":1,"13":3,"14":3,"15":3,"16":1,"17":1,"18":1,"19":3,"20":3,"21":3,"22":3,"23":3,"24":3,"25":11,"26":38,"27":8,"28":8,"29":5,"30":5,"31":5,"32":8,"33":3,"34":3,"35":3,"36":8,"37":38,"38":11,"39":3,"40":3,"41":3,"42":3,"43":3,"44":3,"45":3,"46":3,"47":0,"48":0,"49":3,"50":0,"51":0,"52":3,"53":11,"54":3,"55":1,"56":1,"57":3,"58":3,"59":3,"60":1,"61":1},"branchMap":{"0":{"type":"branch","line":13,"loc":{"start":{"line":13,"column":20},"end":{"line":60,"column":2}},"locations":[{"start":{"line":13,"column":20},"end":{"line":60,"column":2}}]},"1":{"type":"branch","line":16,"loc":{"start":{"line":16,"column":28},"end":{"line":19,"column":3}},"locations":[{"start":{"line":16,"column":28},"end":{"line":19,"column":3}}]},"2":{"type":"branch","line":17,"loc":{"start":{"line":17,"column":17},"end":{"line":17,"column":48}},"locations":[{"start":{"line":17,"column":17},"end":{"line":17,"column":48}}]},"3":{"type":"branch","line":18,"loc":{"start":{"line":18,"column":18},"end":{"line":18,"column":49}},"locations":[{"start":{"line":18,"column":18},"end":{"line":18,"column":49}}]},"4":{"type":"branch","line":25,"loc":{"start":{"line":25,"column":44},"end":{"line":54,"column":3}},"locations":[{"start":{"line":25,"column":44},"end":{"line":54,"column":3}}]},"5":{"type":"branch","line":26,"loc":{"start":{"line":26,"column":47},"end":{"line":38,"column":5}},"locations":[{"start":{"line":26,"column":47},"end":{"line":38,"column":5}}]},"6":{"type":"branch","line":27,"loc":{"start":{"line":27,"column":16},"end":{"line":37,"column":7}},"locations":[{"start":{"line":27,"column":16},"end":{"line":37,"column":7}}]},"7":{"type":"branch","line":29,"loc":{"start":{"line":29,"column":19},"end":{"line":33,"column":13}},"locations":[{"start":{"line":29,"column":19},"end":{"line":33,"column":13}}]},"8":{"type":"branch","line":33,"loc":{"start":{"line":33,"column":9},"end":{"line":36,"column":9}},"locations":[{"start":{"line":33,"column":9},"end":{"line":36,"column":9}}]},"9":{"type":"branch","line":39,"loc":{"start":{"line":39,"column":31},"end":{"line":53,"column":5}},"locations":[{"start":{"line":39,"column":31},"end":{"line":53,"column":5}}]},"10":{"type":"branch","line":47,"loc":{"start":{"line":47,"column":9},"end":{"line":49,"column":9}},"locations":[{"start":{"line":47,"column":9},"end":{"line":49,"column":9}}]},"11":{"type":"branch","line":50,"loc":{"start":{"line":50,"column":7},"end":{"line":52,"column":7}},"locations":[{"start":{"line":50,"column":7},"end":{"line":52,"column":7}}]},"12":{"type":"branch","line":55,"loc":{"start":{"line":55,"column":15},"end":{"line":57,"column":3}},"locations":[{"start":{"line":55,"column":15},"end":{"line":57,"column":3}}]}},"b":{"0":[3],"1":[1],"2":[0],"3":[0],"4":[11],"5":[38],"6":[8],"7":[5],"8":[3],"9":[3],"10":[0],"11":[0],"12":[1]},"fnMap":{"0":{"name":"addTwoNumbers","decl":{"start":{"line":13,"column":20},"end":{"line":60,"column":2}},"loc":{"start":{"line":13,"column":20},"end":{"line":60,"column":2}},"line":13}},"f":{"0":3}}
,"/home/lucas/questions/questions/question3.js": {"path":"/home/lucas/questions/questions/question3.js","all":false,"statementMap":{"0":{"start":{"line":1,"column":0},"end":{"line":1,"column":3}},"1":{"start":{"line":2,"column":0},"end":{"line":2,"column":20}},"2":{"start":{"line":3,"column":0},"end":{"line":3,"column":19}},"3":{"start":{"line":4,"column":0},"end":{"line":4,"column":2}},"4":{"start":{"line":5,"column":0},"end":{"line":5,"column":44}},"5":{"start":{"line":6,"column":0},"end":{"line":6,"column":27}},"6":{"start":{"line":7,"column":0},"end":{"line":7,"column":29}},"7":{"start":{"line":8,"column":0},"end":{"line":8,"column":0}},"8":{"start":{"line":9,"column":0},"end":{"line":9,"column":35}},"9":{"start":{"line":10,"column":0},"end":{"line":10,"column":37}},"10":{"start":{"line":11,"column":0},"end":{"line":11,"column":44}},"11":{"start":{"line":12,"column":0},"end":{"line":12,"column":48}},"12":{"start":{"line":13,"column":0},"end":{"line":13,"column":38}},"13":{"start":{"line":14,"column":0},"end":{"line":14,"column":97}},"14":{"start":{"line":15,"column":0},"end":{"line":15,"column":21}},"15":{"start":{"line":16,"column":0},"end":{"line":16,"column":38}},"16":{"start":{"line":17,"column":0},"end":{"line":17,"column":9}},"17":{"start":{"line":18,"column":0},"end":{"line":18,"column":7}},"18":{"start":{"line":19,"column":0},"end":{"line":19,"column":5}},"19":{"start":{"line":20,"column":0},"end":{"line":20,"column":34}},"20":{"start":{"line":21,"column":0},"end":{"line":21,"column":2}},"21":{"start":{"line":22,"column":0},"end":{"line":22,"column":0}},"22":{"start":{"line":23,"column":0},"end":{"line":23,"column":41}}},"s":{"0":1,"1":1,"2":1,"3":1,"4":1,"5":3,"6":3,"7":3,"8":3,"9":19,"10":125,"11":125,"12":125,"13":125,"14":125,"15":7,"16":7,"17":125,"18":19,"19":3,"20":3,"21":1,"22":1},"branchMap":{"0":{"type":"branch","line":5,"loc":{"start":{"line":5,"column":31},"end":{"line":21,"column":2}},"locations":[{"start":{"line":5,"column":31},"end":{"line":21,"column":2}}]},"1":{"type":"branch","line":9,"loc":{"start":{"line":9,"column":34},"end":{"line":19,"column":5}},"locations":[{"start":{"line":9,"column":34},"end":{"line":19,"column":5}}]},"2":{"type":"branch","line":10,"loc":{"start":{"line":10,"column":36},"end":{"line":18,"column":7}},"locations":[{"start":{"line":10,"column":36},"end":{"line":18,"column":7}}]},"3":{"type":"branch","line":14,"loc":{"start":{"line":14,"column":25},"end":{"line":14,"column":97}},"locations":[{"start":{"line":14,"column":25},"end":{"line":14,"column":97}}]},"4":{"type":"branch","line":15,"loc":{"start":{"line":15,"column":20},"end":{"line":17,"column":9}},"locations":[{"start":{"line":15,"column":20},"end":{"line":17,"column":9}}]}},"b":{"0":[3],"1":[19],"2":[125],"3":[75],"4":[7]},"fnMap":{"0":{"name":"lengthOfLongestSubstring","decl":{"start":{"line":5,"column":31},"end":{"line":21,"column":2}},"loc":{"start":{"line":5,"column":31},"end":{"line":21,"column":2}},"line":5}},"f":{"0":3}}
,"/home/lucas/questions/questions/question4.js": {"path":"/home/lucas/questions/questions/question4.js","all":false,"statementMap":{"0":{"start":{"line":1,"column":0},"end":{"line":1,"column":3}},"1":{"start":{"line":2,"column":0},"end":{"line":2,"column":26}},"2":{"start":{"line":3,"column":0},"end":{"line":3,"column":26}},"3":{"start":{"line":4,"column":0},"end":{"line":4,"column":19}},"4":{"start":{"line":5,"column":0},"end":{"line":5,"column":3}},"5":{"start":{"line":6,"column":0},"end":{"line":6,"column":53}},"6":{"start":{"line":7,"column":0},"end":{"line":7,"column":42}},"7":{"start":{"line":8,"column":0},"end":{"line":8,"column":30}},"8":{"start":{"line":9,"column":0},"end":{"line":9,"column":24}},"9":{"start":{"line":10,"column":0},"end":{"line":10,"column":24}},"10":{"start":{"line":11,"column":0},"end":{"line":11,"column":24}},"11":{"start":{"line":12,"column":0},"end":{"line":12,"column":4}},"12":{"start":{"line":13,"column":0},"end":{"line":13,"column":35}},"13":{"start":{"line":14,"column":0},"end":{"line":14,"column":0}},"14":{"start":{"line":15,"column":0},"end":{"line":15,"column":16}},"15":{"start":{"line":16,"column":0},"end":{"line":16,"column":0}},"16":{"start":{"line":17,"column":0},"end":{"line":17,"column":20}},"17":{"start":{"line":18,"column":0},"end":{"line":18,"column":27}},"18":{"start":{"line":19,"column":0},"end":{"line":19,"column":39}},"19":{"start":{"line":20,"column":0},"end":{"line":20,"column":36}},"20":{"start":{"line":21,"column":0},"end":{"line":21,"column":35}},"21":{"start":{"line":22,"column":0},"end":{"line":22,"column":8}},"22":{"start":{"line":23,"column":0},"end":{"line":23,"column":45}},"23":{"start":{"line":24,"column":0},"end":{"line":24,"column":38}},"24":{"start":{"line":25,"column":0},"end":{"line":25,"column":3}},"25":{"start":{"line":26,"column":0},"end":{"line":26,"column":15}},"26":{"start":{"line":27,"column":0},"end":{"line":27,"column":2}},"27":{"start":{"line":28,"column":0},"end":{"line":28,"column":0}},"28":{"start":{"line":29,"column":0},"end":{"line":29,"column":50}},"29":{"start":{"line":30,"column":0},"end":{"line":30,"column":52}},"30":{"start":{"line":31,"column":0},"end":{"line":31,"column":63}},"31":{"start":{"line":32,"column":0},"end":{"line":32,"column":56}},"32":{"start":{"line":33,"column":0},"end":{"line":33,"column":0}},"33":{"start":{"line":34,"column":0},"end":{"line":34,"column":39}}},"s":{"0":1,"1":1,"2":1,"3":1,"4":1,"5":1,"6":4,"7":4,"8":28,"9":28,"10":28,"11":28,"12":4,"13":4,"14":4,"15":4,"16":4,"17":2,"18":2,"19":2,"20":2,"21":2,"22":2,"23":2,"24":2,"25":4,"26":4,"27":1,"28":1,"29":1,"30":1,"31":1,"32":1,"33":1},"branchMap":{"0":{"type":"branch","line":6,"loc":{"start":{"line":6,"column":29},"end":{"line":27,"column":2}},"locations":[{"start":{"line":6,"column":29},"end":{"line":27,"column":2}}]},"1":{"type":"branch","line":17,"loc":{"start":{"line":17,"column":19},"end":{"line":25,"column":3}},"locations":[{"start":{"line":17,"column":19},"end":{"line":25,"column":3}}]},"2":{"type":"branch","line":8,"loc":{"start":{"line":8,"column":19},"end":{"line":12,"column":4}},"locations":[{"start":{"line":8,"column":19},"end":{"line":12,"column":4}}]},"3":{"type":"branch","line":9,"loc":{"start":{"line":9,"column":15},"end":{"line":9,"column":22}},"locations":[{"start":{"line":9,"column":15},"end":{"line":9,"column":22}}]},"4":{"type":"branch","line":9,"loc":{"start":{"line":9,"column":15},"end":{"line":10,"column":7}},"locations":[{"start":{"line":9,"column":15},"end":{"line":10,"column":7}}]},"5":{"type":"branch","line":10,"loc":{"start":{"line":10,"column":15},"end":{"line":10,"column":23}},"locations":[{"start":{"line":10,"column":15},"end":{"line":10,"column":23}}]},"6":{"type":"branch","line":10,"loc":{"start":{"line":10,"column":15},"end":{"line":11,"column":23}},"locations":[{"start":{"line":10,"column":15},"end":{"line":11,"column":23}}]}},"b":{"0":[4],"1":[2],"2":[28],"3":[9],"4":[19],"5":[2],"6":[17]},"fnMap":{"0":{"name":"findMedianSortedArrays","decl":{"start":{"line":6,"column":29},"end":{"line":27,"column":2}},"loc":{"start":{"line":6,"column":29},"end":{"line":27,"column":2}},"line":6}},"f":{"0":4}}
,"/home/lucas/questions/questions/question5.js": {"path":"/home/lucas/questions/questions/question5.js","all":false,"statementMap":{"0":{"start":{"line":1,"column":0},"end":{"line":1,"column":3}},"1":{"start":{"line":2,"column":0},"end":{"line":2,"column":20}},"2":{"start":{"line":3,"column":0},"end":{"line":3,"column":19}},"3":{"start":{"line":4,"column":0},"end":{"line":4,"column":3}},"4":{"start":{"line":5,"column":0},"end":{"line":5,"column":37}},"5":{"start":{"line":6,"column":0},"end":{"line":6,"column":25}},"6":{"start":{"line":7,"column":0},"end":{"line":7,"column":27}},"7":{"start":{"line":8,"column":0},"end":{"line":8,"column":0}},"8":{"start":{"line":9,"column":0},"end":{"line":9,"column":33}},"9":{"start":{"line":10,"column":0},"end":{"line":10,"column":35}},"10":{"start":{"line":11,"column":0},"end":{"line":11,"column":42}},"11":{"start":{"line":12,"column":0},"end":{"line":12,"column":46}},"12":{"start":{"line":13,"column":0},"end":{"line":13,"column":66}},"13":{"start":{"line":14,"column":0},"end":{"line":14,"column":93}},"14":{"start":{"line":15,"column":0},"end":{"line":15,"column":18}},"15":{"start":{"line":16,"column":0},"end":{"line":16,"column":36}},"16":{"start":{"line":17,"column":0},"end":{"line":17,"column":7}},"17":{"start":{"line":18,"column":0},"end":{"line":18,"column":5}},"18":{"start":{"line":19,"column":0},"end":{"line":19,"column":3}},"19":{"start":{"line":20,"column":0},"end":{"line":20,"column":25}},"20":{"start":{"line":21,"column":0},"end":{"line":21,"column":2}},"21":{"start":{"line":22,"column":0},"end":{"line":22,"column":0}},"22":{"start":{"line":23,"column":0},"end":{"line":23,"column":34}}},"s":{"0":1,"1":1,"2":1,"3":1,"4":1,"5":5,"6":5,"7":5,"8":5,"9":28,"10":166,"11":166,"12":166,"13":166,"14":166,"15":13,"16":13,"17":166,"18":28,"19":5,"20":5,"21":1,"22":1},"branchMap":{"0":{"type":"branch","line":5,"loc":{"start":{"line":5,"column":24},"end":{"line":21,"column":2}},"locations":[{"start":{"line":5,"column":24},"end":{"line":21,"column":2}}]},"1":{"type":"branch","line":9,"loc":{"start":{"line":9,"column":32},"end":{"line":19,"column":3}},"locations":[{"start":{"line":9,"column":32},"end":{"line":19,"column":3}}]},"2":{"type":"branch","line":10,"loc":{"start":{"line":10,"column":34},"end":{"line":18,"column":5}},"locations":[{"start":{"line":10,"column":34},"end":{"line":18,"column":5}}]},"3":{"type":"branch","line":14,"loc":{"start":{"line":14,"column":22},"end":{"line":14,"column":93}},"locations":[{"start":{"line":14,"column":22},"end":{"line":14,"column":93}}]},"4":{"type":"branch","line":15,"loc":{"start":{"line":15,"column":17},"end":{"line":17,"column":7}},"locations":[{"start":{"line":15,"column":17},"end":{"line":17,"column":7}}]}},"b":{"0":[5],"1":[28],"2":[166],"3":[92],"4":[13]},"fnMap":{"0":{"name":"longestPalindrome","decl":{"start":{"line":5,"column":24},"end":{"line":21,"column":2}},"loc":{"start":{"line":5,"column":24},"end":{"line":21,"column":2}},"line":5}},"f":{"0":5}}
,"/home/lucas/questions/questions/question6.js": {"path":"/home/lucas/questions/questions/question6.js","all":false,"statementMap":{"0":{"start":{"line":1,"column":0},"end":{"line":1,"column":3}},"1":{"start":{"line":2,"column":0},"end":{"line":2,"column":20}},"2":{"start":{"line":3,"column":0},"end":{"line":3,"column":26}},"3":{"start":{"line":4,"column":0},"end":{"line":4,"column":19}},"4":{"start":{"line":5,"column":0},"end":{"line":5,"column":3}},"5":{"start":{"line":6,"column":0},"end":{"line":6,"column":32}},"6":{"start":{"line":7,"column":0},"end":{"line":7,"column":33}},"7":{"start":{"line":8,"column":0},"end":{"line":8,"column":0}},"8":{"start":{"line":9,"column":0},"end":{"line":9,"column":28}},"9":{"start":{"line":10,"column":0},"end":{"line":10,"column":19}},"10":{"start":{"line":11,"column":0},"end":{"line":11,"column":36}},"11":{"start":{"line":12,"column":0},"end":{"line":12,"column":26}},"12":{"start":{"line":13,"column":0},"end":{"line":13,"column":0}},"13":{"start":{"line":14,"column":0},"end":{"line":14,"column":16}},"14":{"start":{"line":15,"column":0},"end":{"line":15,"column":0}},"15":{"start":{"line":16,"column":0},"end":{"line":16,"column":35}},"16":{"start":{"line":17,"column":0},"end":{"line":17,"column":18}},"17":{"start":{"line":18,"column":0},"end":{"line":18,"column":3}},"18":{"start":{"line":19,"column":0},"end":{"line":19,"column":0}},"19":{"start":{"line":20,"column":0},"end":{"line":20,"column":20}},"20":{"start":{"line":21,"column":0},"end":{"line":21,"column":15}},"21":{"start":{"line":22,"column":0},"end":{"line":22,"column":0}},"22":{"start":{"line":23,"column":0},"end":{"line":23,"column":19}},"23":{"start":{"line":24,"column":0},"end":{"line":24,"column":13}},"24":{"start":{"line":25,"column":0},"end":{"line":25,"column":51}},"25":{"start":{"line":26,"column":0},"end":{"line":26,"column":29}},"26":{"start":{"line":27,"column":0},"end":{"line":27,"column":13}},"27":{"start":{"line":28,"column":0},"end":{"line":28,"column":5}},"28":{"start":{"line":29,"column":0},"end":{"line":29,"column":0}},"29":{"start":{"line":30,"column":0},"end":{"line":30,"column":11}},"30":{"start":{"line":31,"column":0},"end":{"line":31,"column":54}},"31":{"start":{"line":32,"column":0},"end":{"line":32,"column":29}},"32":{"start":{"line":33,"column":0},"end":{"line":33,"column":13}},"33":{"start":{"line":34,"column":0},"end":{"line":34,"column":5}},"34":{"start":{"line":35,"column":0},"end":{"line":35,"column":3}},"35":{"start":{"line":36,"column":0},"end":{"line":36,"column":18}},"36":{"start":{"line":37,"column":0},"end":{"line":37,"column":50}},"37":{"start":{"line":38,"column":0},"end":{"line":38,"column":3}},"38":{"start":{"line":39,"column":0},"end":{"line":39,"column":24}},"39":{"start":{"line":40,"column":0},"end":{"line":40,"column":2}},"40":{"start":{"line":41,"column":0},"end":{"line":41,"column":0}},"41":{"start":{"line":42,"column":0},"end":{"line":42,"column":24}}},"s":{"0":1,"1":1,"2":1,"3":1,"4":1,"5":1,"6":1,"7":1,"8":1,"9":1,"10":1,"11":3,"12":3,"13":3,"14":3,"15":3,"16":11,"17":11,"18":3,"19":3,"20":3,"21":3,"22":3,"23":8,"24":8,"25":22,"26":22,"27":22,"28":8,"29":8,"30":8,"31":7,"32":7,"33":7,"34":8,"35":3,"36":11,"37":11,"38":3,"39":3,"40":1,"41":1},"branchMap":{"0":{"type":"branch","line":11,"loc":{"start":{"line":11,"column":14},"end":{"line":40,"column":2}},"locations":[{"start":{"line":11,"column":14},"end":{"line":40,"column":2}}]},"1":{"type":"branch","line":16,"loc":{"start":{"line":16,"column":34},"end":{"line":18,"column":3}},"locations":[{"start":{"line":16,"column":34},"end":{"line":18,"column":3}}]},"2":{"type":"branch","line":23,"loc":{"start":{"line":23,"column":18},"end":{"line":35,"column":3}},"locations":[{"start":{"line":23,"column":18},"end":{"line":35,"column":3}}]},"3":{"type":"branch","line":25,"loc":{"start":{"line":25,"column":19},"end":{"line":25,"column":46}},"locations":[{"start":{"line":25,"column":19},"end":{"line":25,"column":46}}]},"4":{"type":"branch","line":25,"loc":{"start":{"line":25,"column":50},"end":{"line":28,"column":5}},"locations":[{"start":{"line":25,"column":50},"end":{"line":28,"column":5}}]},"5":{"type":"branch","line":31,"loc":{"start":{"line":31,"column":29},"end":{"line":31,"column":49}},"locations":[{"start":{"line":31,"column":29},"end":{"line":31,"column":49}}]},"6":{"type":"branch","line":31,"loc":{"start":{"line":31,"column":53},"end":{"line":34,"column":5}},"locations":[{"start":{"line":31,"column":53},"end":{"line":34,"column":5}}]},"7":{"type":"branch","line":36,"loc":{"start":{"line":36,"column":17},"end":{"line":38,"column":3}},"locations":[{"start":{"line":36,"column":17},"end":{"line":38,"column":3}}]}},"b":{"0":[3],"1":[11],"2":[8],"3":[25],"4":[22],"5":[10],"6":[7],"7":[11]},"fnMap":{"0":{"name":"convert","decl":{"start":{"line":11,"column":14},"end":{"line":40,"column":2}},"loc":{"start":{"line":11,"column":14},"end":{"line":40,"column":2}},"line":11}},"f":{"0":3}}
,"/home/lucas/questions/questions/question7.js": {"path":"/home/lucas/questions/questions/question7.js","all":false,"statementMap":{"0":{"start":{"line":1,"column":0},"end":{"line":1,"column":3}},"1":{"start":{"line":2,"column":0},"end":{"line":2,"column":20}},"2":{"start":{"line":3,"column":0},"end":{"line":3,"column":19}},"3":{"start":{"line":4,"column":0},"end":{"line":4,"column":3}},"4":{"start":{"line":5,"column":0},"end":{"line":5,"column":27}},"5":{"start":{"line":6,"column":0},"end":{"line":6,"column":57}},"6":{"start":{"line":7,"column":0},"end":{"line":7,"column":14}},"7":{"start":{"line":8,"column":0},"end":{"line":8,"column":5}},"8":{"start":{"line":9,"column":0},"end":{"line":9,"column":28}},"9":{"start":{"line":10,"column":0},"end":{"line":10,"column":37}},"10":{"start":{"line":11,"column":0},"end":{"line":11,"column":63}},"11":{"start":{"line":12,"column":0},"end":{"line":12,"column":25}},"12":{"start":{"line":13,"column":0},"end":{"line":13,"column":19}},"13":{"start":{"line":14,"column":0},"end":{"line":14,"column":30}},"14":{"start":{"line":15,"column":0},"end":{"line":15,"column":63}},"15":{"start":{"line":16,"column":0},"end":{"line":16,"column":12}},"16":{"start":{"line":17,"column":0},"end":{"line":17,"column":57}},"17":{"start":{"line":18,"column":0},"end":{"line":18,"column":5}},"18":{"start":{"line":19,"column":0},"end":{"line":19,"column":0}},"19":{"start":{"line":20,"column":0},"end":{"line":20,"column":0}},"20":{"start":{"line":21,"column":0},"end":{"line":21,"column":24}},"21":{"start":{"line":22,"column":0},"end":{"line":22,"column":2}},"22":{"start":{"line":23,"column":0},"end":{"line":23,"column":0}},"23":{"start":{"line":24,"column":0},"end":{"line":24,"column":24}}},"s":{"0":1,"1":1,"2":1,"3":1,"4":1,"5":4,"6":1,"7":1,"8":4,"9":4,"10":4,"11":4,"12":4,"13":1,"14":1,"15":4,"16":2,"17":2,"18":4,"19":4,"20":4,"21":4,"22":1,"23":1},"branchMap":{"0":{"type":"branch","line":5,"loc":{"start":{"line":5,"column":14},"end":{"line":22,"column":2}},"locations":[{"start":{"line":5,"column":14},"end":{"line":22,"column":2}}]},"1":{"type":"branch","line":6,"loc":{"start":{"line":6,"column":56},"end":{"line":8,"column":5}},"locations":[{"start":{"line":6,"column":56},"end":{"line":8,"column":5}}]},"2":{"type":"branch","line":13,"loc":{"start":{"line":13,"column":18},"end":{"line":16,"column":11}},"locations":[{"start":{"line":13,"column":18},"end":{"line":16,"column":11}}]},"3":{"type":"branch","line":16,"loc":{"start":{"line":16,"column":5},"end":{"line":18,"column":5}},"locations":[{"start":{"line":16,"column":5},"end":{"line":18,"column":5}}]}},"b":{"0":[4],"1":[1],"2":[1],"3":[2]},"fnMap":{"0":{"name":"reverse","decl":{"start":{"line":5,"column":14},"end":{"line":22,"column":2}},"loc":{"start":{"line":5,"column":14},"end":{"line":22,"column":2}},"line":5}},"f":{"0":4}}
,"/home/lucas/questions/questions/question8.js": {"path":"/home/lucas/questions/questions/question8.js","all":false,"statementMap":{"0":{"start":{"line":1,"column":0},"end":{"line":1,"column":3}},"1":{"start":{"line":2,"column":0},"end":{"line":2,"column":20}},"2":{"start":{"line":3,"column":0},"end":{"line":3,"column":19}},"3":{"start":{"line":4,"column":0},"end":{"line":4,"column":3}},"4":{"start":{"line":5,"column":0},"end":{"line":5,"column":26}},"5":{"start":{"line":6,"column":0},"end":{"line":6,"column":46}},"6":{"start":{"line":7,"column":0},"end":{"line":7,"column":24}},"7":{"start":{"line":8,"column":0},"end":{"line":8,"column":19}},"8":{"start":{"line":9,"column":0},"end":{"line":9,"column":33}},"9":{"start":{"line":10,"column":0},"end":{"line":10,"column":21}},"10":{"start":{"line":11,"column":0},"end":{"line":11,"column":23}},"11":{"start":{"line":12,"column":0},"end":{"line":12,"column":5}},"12":{"start":{"line":13,"column":0},"end":{"line":13,"column":24}},"13":{"start":{"line":14,"column":0},"end":{"line":14,"column":12}},"14":{"start":{"line":15,"column":0},"end":{"line":15,"column":21}},"15":{"start":{"line":16,"column":0},"end":{"line":16,"column":5}},"16":{"start":{"line":17,"column":0},"end":{"line":17,"column":0}},"17":{"start":{"line":18,"column":0},"end":{"line":18,"column":3}},"18":{"start":{"line":19,"column":0},"end":{"line":19,"column":2}},"19":{"start":{"line":20,"column":0},"end":{"line":20,"column":17}},"20":{"start":{"line":21,"column":0},"end":{"line":21,"column":29}},"21":{"start":{"line":22,"column":0},"end":{"line":22,"column":3}},"22":{"start":{"line":23,"column":0},"end":{"line":23,"column":25}},"23":{"start":{"line":24,"column":0},"end":{"line":24,"column":2}},"24":{"start":{"line":25,"column":0},"end":{"line":25,"column":0}},"25":{"start":{"line":26,"column":0},"end":{"line":26,"column":23}}},"s":{"0":1,"1":1,"2":1,"3":1,"4":1,"5":3,"6":3,"7":3,"8":3,"9":18,"10":1,"11":1,"12":18,"13":18,"14":8,"15":8,"16":18,"17":18,"18":3,"19":3,"20":1,"21":1,"22":3,"23":3,"24":1,"25":1},"branchMap":{"0":{"type":"branch","line":5,"loc":{"start":{"line":5,"column":13},"end":{"line":24,"column":2}},"locations":[{"start":{"line":5,"column":13},"end":{"line":24,"column":2}}]},"1":{"type":"branch","line":9,"loc":{"start":{"line":9,"column":32},"end":{"line":18,"column":3}},"locations":[{"start":{"line":9,"column":32},"end":{"line":18,"column":3}}]},"2":{"type":"branch","line":10,"loc":{"start":{"line":10,"column":20},"end":{"line":12,"column":5}},"locations":[{"start":{"line":10,"column":20},"end":{"line":12,"column":5}}]},"3":{"type":"branch","line":14,"loc":{"start":{"line":14,"column":11},"end":{"line":16,"column":5}},"locations":[{"start":{"line":14,"column":11},"end":{"line":16,"column":5}}]},"4":{"type":"branch","line":20,"loc":{"start":{"line":20,"column":16},"end":{"line":22,"column":3}},"locations":[{"start":{"line":20,"column":16},"end":{"line":22,"column":3}}]}},"b":{"0":[3],"1":[18],"2":[1],"3":[8],"4":[1]},"fnMap":{"0":{"name":"myAtoi","decl":{"start":{"line":5,"column":13},"end":{"line":24,"column":2}},"loc":{"start":{"line":5,"column":13},"end":{"line":24,"column":2}},"line":5}},"f":{"0":3}}
,"/home/lucas/questions/questions/question9.js": {"path":"/home/lucas/questions/questions/question9.js","all":false,"statementMap":{"0":{"start":{"line":1,"column":0},"end":{"line":1,"column":3}},"1":{"start":{"line":2,"column":0},"end":{"line":2,"column":20}},"2":{"start":{"line":3,"column":0},"end":{"line":3,"column":20}},"3":{"start":{"line":4,"column":0},"end":{"line":4,"column":3}},"4":{"start":{"line":5,"column":0},"end":{"line":5,"column":32}},"5":{"start":{"line":6,"column":0},"end":{"line":6,"column":13}},"6":{"start":{"line":7,"column":0},"end":{"line":7,"column":19}},"7":{"start":{"line":8,"column":0},"end":{"line":8,"column":14}},"8":{"start":{"line":9,"column":0},"end":{"line":9,"column":16}},"9":{"start":{"line":10,"column":0},"end":{"line":10,"column":3}},"10":{"start":{"line":11,"column":0},"end":{"line":11,"column":0}},"11":{"start":{"line":12,"column":0},"end":{"line":12,"column":17}},"12":{"start":{"line":13,"column":0},"end":{"line":13,"column":43}},"13":{"start":{"line":14,"column":0},"end":{"line":14,"column":30}},"14":{"start":{"line":15,"column":0},"end":{"line":15,"column":3}},"15":{"start":{"line":16,"column":0},"end":{"line":16,"column":0}},"16":{"start":{"line":17,"column":0},"end":{"line":17,"column":24}},"17":{"start":{"line":18,"column":0},"end":{"line":18,"column":2}},"18":{"start":{"line":19,"column":0},"end":{"line":19,"column":0}},"19":{"start":{"line":20,"column":0},"end":{"line":20,"column":29}}},"s":{"0":1,"1":1,"2":1,"3":1,"4":1,"5":5,"6":5,"7":5,"8":1,"9":1,"10":4,"11":5,"12":11,"13":11,"14":11,"15":5,"16":5,"17":5,"18":1,"19":1},"branchMap":{"0":{"type":"branch","line":5,"loc":{"start":{"line":5,"column":19},"end":{"line":18,"column":2}},"locations":[{"start":{"line":5,"column":19},"end":{"line":18,"column":2}}]},"1":{"type":"branch","line":8,"loc":{"start":{"line":8,"column":13},"end":{"line":10,"column":3}},"locations":[{"start":{"line":8,"column":13},"end":{"line":10,"column":3}}]},"2":{"type":"branch","line":11,"loc":{"start":{"line":11,"column":-1},"end":{"line":12,"column":8}},"locations":[{"start":{"line":11,"column":-1},"end":{"line":12,"column":8}}]},"3":{"type":"branch","line":12,"loc":{"start":{"line":12,"column":16},"end":{"line":15,"column":3}},"locations":[{"start":{"line":12,"column":16},"end":{"line":15,"column":3}}]}},"b":{"0":[5],"1":[1],"2":[4],"3":[11]},"fnMap":{"0":{"name":"isPalindrome","decl":{"start":{"line":5,"column":19},"end":{"line":18,"column":2}},"loc":{"start":{"line":5,"column":19},"end":{"line":18,"column":2}},"line":5}},"f":{"0":5}}
}
