TN:
SF:questions/question1.js
FN:8,twoSum
FNF:1
FNH:1
FNDA:3,twoSum
DA:1,1
DA:2,1
DA:3,1
DA:4,1
DA:5,1
DA:6,1
DA:7,1
DA:8,1
DA:9,3
DA:10,3
DA:11,4
DA:12,10
DA:13,3
DA:14,3
DA:15,10
DA:16,4
DA:17,3
DA:18,1
LF:18
LH:18
BRDA:8,0,0,3
BRDA:10,1,0,4
BRDA:11,2,0,10
BRDA:12,3,0,5
BRDA:12,4,0,3
BRF:5
BRH:5
end_of_record
TN:
SF:questions/question10.js
FN:6,isMatch
FNF:1
FNH:1
FNDA:3,isMatch
DA:1,1
DA:2,1
DA:3,1
DA:4,1
DA:5,1
DA:6,1
DA:7,3
DA:8,3
DA:9,3
DA:10,6
DA:11,2
DA:12,2
DA:13,6
DA:14,3
DA:15,3
DA:16,1
DA:17,1
LF:17
LH:17
BRDA:6,0,0,3
BRDA:9,1,0,6
BRDA:10,2,0,2
BRF:3
BRH:3
end_of_record
TN:
SF:questions/question2.js
FN:13,addTwoNumbers
FNF:1
FNH:1
FNDA:3,addTwoNumbers
DA:1,1
DA:2,1
DA:3,1
DA:4,1
DA:5,1
DA:6,1
DA:7,1
DA:8,1
DA:9,1
DA:10,1
DA:11,1
DA:12,1
DA:13,1
DA:14,3
DA:15,3
DA:16,3
DA:17,1
DA:18,1
DA:19,1
DA:20,3
DA:21,3
DA:22,3
DA:23,3
DA:24,3
DA:25,3
DA:26,11
DA:27,38
DA:28,8
DA:29,8
DA:30,5
DA:31,5
DA:32,5
DA:33,8
DA:34,3
DA:35,3
DA:36,3
DA:37,8
DA:38,38
DA:39,11
DA:40,3
DA:41,3
DA:42,3
DA:43,3
DA:44,3
DA:45,3
DA:46,3
DA:47,3
DA:48,0
DA:49,0
DA:50,3
DA:51,0
DA:52,0
DA:53,3
DA:54,11
DA:55,3
DA:56,1
DA:57,1
DA:58,3
DA:59,3
DA:60,3
DA:61,1
DA:62,1
LF:62
LH:58
BRDA:13,0,0,3
BRDA:16,1,0,1
BRDA:17,2,0,0
BRDA:18,3,0,0
BRDA:25,4,0,11
BRDA:26,5,0,38
BRDA:27,6,0,8
BRDA:29,7,0,5
BRDA:33,8,0,3
BRDA:39,9,0,3
BRDA:47,10,0,0
BRDA:50,11,0,0
BRDA:55,12,0,1
BRF:13
BRH:9
end_of_record
TN:
SF:questions/question3.js
FN:5,lengthOfLongestSubstring
FNF:1
FNH:1
FNDA:3,lengthOfLongestSubstring
DA:1,1
DA:2,1
DA:3,1
DA:4,1
DA:5,1
DA:6,3
DA:7,3
DA:8,3
DA:9,3
DA:10,19
DA:11,125
DA:12,125
DA:13,125
DA:14,125
DA:15,125
DA:16,7
DA:17,7
DA:18,125
DA:19,19
DA:20,3
DA:21,3
DA:22,1
DA:23,1
LF:23
LH:23
BRDA:5,0,0,3
BRDA:9,1,0,19
BRDA:10,2,0,125
BRDA:14,3,0,75
BRDA:15,4,0,7
BRF:5
BRH:5
end_of_record
TN:
SF:questions/question4.js
FN:6,findMedianSortedArrays
FNF:1
FNH:1
FNDA:4,findMedianSortedArrays
DA:1,1
DA:2,1
DA:3,1
DA:4,1
DA:5,1
DA:6,1
DA:7,4
DA:8,4
DA:9,28
DA:10,28
DA:11,28
DA:12,28
DA:13,4
DA:14,4
DA:15,4
DA:16,4
DA:17,4
DA:18,2
DA:19,2
DA:20,2
DA:21,2
DA:22,2
DA:23,2
DA:24,2
DA:25,2
DA:26,4
DA:27,4
DA:28,1
DA:29,1
DA:30,1
DA:31,1
DA:32,1
DA:33,1
DA:34,1
LF:34
LH:34
BRDA:6,0,0,4
BRDA:17,1,0,2
BRDA:8,2,0,28
BRDA:9,3,0,9
BRDA:9,4,0,19
BRDA:10,5,0,2
BRDA:10,6,0,17
BRF:7
BRH:7
end_of_record
TN:
SF:questions/question5.js
FN:5,longestPalindrome
FNF:1
FNH:1
FNDA:5,longestPalindrome
DA:1,1
DA:2,1
DA:3,1
DA:4,1
DA:5,1
DA:6,5
DA:7,5
DA:8,5
DA:9,5
DA:10,28
DA:11,166
DA:12,166
DA:13,166
DA:14,166
DA:15,166
DA:16,13
DA:17,13
DA:18,166
DA:19,28
DA:20,5
DA:21,5
DA:22,1
DA:23,1
LF:23
LH:23
BRDA:5,0,0,5
BRDA:9,1,0,28
BRDA:10,2,0,166
BRDA:14,3,0,92
BRDA:15,4,0,13
BRF:5
BRH:5
end_of_record
TN:
SF:questions/question6.js
FN:11,convert
FNF:1
FNH:1
FNDA:3,convert
DA:1,1
DA:2,1
DA:3,1
DA:4,1
DA:5,1
DA:6,1
DA:7,1
DA:8,1
DA:9,1
DA:10,1
DA:11,1
DA:12,3
DA:13,3
DA:14,3
DA:15,3
DA:16,3
DA:17,11
DA:18,11
DA:19,3
DA:20,3
DA:21,3
DA:22,3
DA:23,3
DA:24,8
DA:25,8
DA:26,22
DA:27,22
DA:28,22
DA:29,8
DA:30,8
DA:31,8
DA:32,7
DA:33,7
DA:34,7
DA:35,8
DA:36,3
DA:37,11
DA:38,11
DA:39,3
DA:40,3
DA:41,1
DA:42,1
LF:42
LH:42
BRDA:11,0,0,3
BRDA:16,1,0,11
BRDA:23,2,0,8
BRDA:25,3,0,25
BRDA:25,4,0,22
BRDA:31,5,0,10
BRDA:31,6,0,7
BRDA:36,7,0,11
BRF:8
BRH:8
end_of_record
TN:
SF:questions/question7.js
FN:5,reverse
FNF:1
FNH:1
FNDA:4,reverse
DA:1,1
DA:2,1
DA:3,1
DA:4,1
DA:5,1
DA:6,4
DA:7,1
DA:8,1
DA:9,4
DA:10,4
DA:11,4
DA:12,4
DA:13,4
DA:14,1
DA:15,1
DA:16,4
DA:17,2
DA:18,2
DA:19,4
DA:20,4
DA:21,4
DA:22,4
DA:23,1
DA:24,1
LF:24
LH:24
BRDA:5,0,0,4
BRDA:6,1,0,1
BRDA:13,2,0,1
BRDA:16,3,0,2
BRF:4
BRH:4
end_of_record
TN:
SF:questions/question8.js
FN:5,myAtoi
FNF:1
FNH:1
FNDA:3,myAtoi
DA:1,1
DA:2,1
DA:3,1
DA:4,1
DA:5,1
DA:6,3
DA:7,3
DA:8,3
DA:9,3
DA:10,18
DA:11,1
DA:12,1
DA:13,18
DA:14,18
DA:15,8
DA:16,8
DA:17,18
DA:18,18
DA:19,3
DA:20,3
DA:21,1
DA:22,1
DA:23,3
DA:24,3
DA:25,1
DA:26,1
LF:26
LH:26
BRDA:5,0,0,3
BRDA:9,1,0,18
BRDA:10,2,0,1
BRDA:14,3,0,8
BRDA:20,4,0,1
BRF:5
BRH:5
end_of_record
TN:
SF:questions/question9.js
FN:5,isPalindrome
FNF:1
FNH:1
FNDA:5,isPalindrome
DA:1,1
DA:2,1
DA:3,1
DA:4,1
DA:5,1
DA:6,5
DA:7,5
DA:8,5
DA:9,1
DA:10,1
DA:11,4
DA:12,5
DA:13,11
DA:14,11
DA:15,11
DA:16,5
DA:17,5
DA:18,5
DA:19,1
DA:20,1
LF:20
LH:20
BRDA:5,0,0,5
BRDA:8,1,0,1
BRDA:11,2,0,4
BRDA:12,3,0,11
BRF:4
BRH:4
end_of_record
